2026-05-24 14:02:54,748 [INFO] Инициализация ядра LiteRT-LM из пути: C:\Users\jikopl\Downloads\flashcard_project\models\supergemma4-e4b-abliterated.litertlm
2026-05-24 14:03:09,411 [INFO] Веса модели успешно загружены в память GPU! Система готова к инференсу.
2026-05-24 14:03:51,739 [INFO] Запуск инференса модели...
2026-05-24 14:06:24,240 [INFO] Движок LiteRT-LM успешно выгружен из памяти. Завершение работы.
2026-05-24 14:06:27,142 [INFO] Инициализация ядра LiteRT-LM из пути: C:\Users\jikopl\Downloads\flashcard_project\models\supergemma4-e4b-abliterated.litertlm
2026-05-24 14:06:31,981 [INFO] Веса модели успешно загружены в память GPU! Система готова к инференсу.
2026-05-24 14:06:41,435 [INFO] Движок LiteRT-LM успешно выгружен из памяти. Завершение работы.
2026-05-24 14:06:43,652 [INFO] Инициализация ядра LiteRT-LM из пути: C:\Users\jikopl\Downloads\flashcard_project\models\supergemma4-e4b-abliterated.litertlm
2026-05-24 14:06:49,277 [INFO] Веса модели успешно загружены в память GPU! Система готова к инференсу.
2026-05-24 14:07:34,545 [INFO] Запуск инференса модели...
2026-05-24 14:08:35,332 [INFO] Запуск инференса модели...
2026-05-24 14:09:17,794 [INFO] Запуск инференса модели...
2026-05-24 14:09:59,288 [INFO] Запуск инференса модели...
2026-05-24 14:10:56,417 [INFO] Инициализация ядра LiteRT-LM из пути: C:\Users\jikopl\Downloads\flashcard_project\models\supergemma4-e4b-abliterated.litertlm
2026-05-24 14:11:04,411 [INFO] Веса модели успешно загружены в память GPU! Система готова к инференсу.
2026-05-24 14:11:36,099 [INFO] Запуск инференса модели...
2026-05-24 14:16:46,177 [INFO] Инициализация ядра LiteRT-LM из пути: C:\Users\jikopl\Downloads\flashcard_project\models\gemma-4-E2B-it.litertlm
2026-05-24 14:16:51,110 [INFO] Веса модели успешно загружены в память CPU! Система готова к инференсу.
2026-05-24 14:17:16,225 [INFO] Запуск инференса модели...
2026-05-24 14:17:55,290 [INFO] Инициализация ядра LiteRT-LM из пути: C:\Users\jikopl\Downloads\flashcard_project\models\gemma-4-E2B-it.litertlm
2026-05-24 14:17:55,593 [INFO] Веса модели успешно загружены в память CPU! Система готова к инференсу.
2026-05-24 14:18:05,341 [INFO] Запуск инференса модели...
2026-05-24 14:18:23,727 [INFO] Запуск инференса модели...
2026-05-24 14:18:23,732 [ERROR] Ошибка ИИ: Failed to create conversation
2026-05-24 14:18:23,732 [WARNING] Сбой при обработке чанка: Ошибка парсинга ответа ИИ: Failed to create conversation
2026-05-24 14:18:23,733 [INFO] Запуск инференса модели...
2026-05-24 14:18:23,737 [ERROR] Ошибка ИИ: Failed to create conversation
2026-05-24 14:18:23,737 [WARNING] Сбой при обработке чанка: Ошибка парсинга ответа ИИ: Failed to create conversation
2026-05-24 14:18:23,738 [INFO] Запуск инференса модели...
2026-05-24 14:18:23,744 [ERROR] Ошибка ИИ: Failed to create conversation
2026-05-24 14:18:23,745 [WARNING] Сбой при обработке чанка: Ошибка парсинга ответа ИИ: Failed to create conversation
2026-05-24 14:18:23,746 [INFO] Запуск инференса модели...
2026-05-24 14:18:23,751 [ERROR] Ошибка ИИ: Failed to create conversation
2026-05-24 14:18:23,752 [WARNING] Сбой при обработке чанка: Ошибка парсинга ответа ИИ: Failed to create conversation
2026-05-24 14:18:23,753 [INFO] Запуск инференса модели...
2026-05-24 14:18:23,758 [ERROR] Ошибка ИИ: Failed to create conversation
2026-05-24 14:18:23,758 [WARNING] Сбой при обработке чанка: Ошибка парсинга ответа ИИ: Failed to create conversation
2026-05-24 14:18:33,301 [INFO] Запуск инференса модели...
2026-05-24 14:18:33,305 [ERROR] Ошибка ИИ: Failed to create conversation
2026-05-24 14:18:33,305 [WARNING] Сбой при обработке чанка: Ошибка парсинга ответа ИИ: Failed to create conversation
2026-05-24 14:18:33,305 [INFO] Запуск инференса модели...
2026-05-24 14:18:33,311 [ERROR] Ошибка ИИ: Failed to create conversation
2026-05-24 14:18:33,312 [WARNING] Сбой при обработке чанка: Ошибка парсинга ответа ИИ: Failed to create conversation
2026-05-24 14:18:33,312 [INFO] Запуск инференса модели...
2026-05-24 14:18:33,316 [ERROR] Ошибка ИИ: Failed to create conversation
2026-05-24 14:18:33,316 [WARNING] Сбой при обработке чанка: Ошибка парсинга ответа ИИ: Failed to create conversation
2026-05-24 14:18:33,316 [INFO] Запуск инференса модели...
2026-05-24 14:18:33,322 [ERROR] Ошибка ИИ: Failed to create conversation
2026-05-24 14:18:33,322 [WARNING] Сбой при обработке чанка: Ошибка парсинга ответа ИИ: Failed to create conversation
2026-05-24 14:18:33,324 [INFO] Запуск инференса модели...
2026-05-24 14:18:33,327 [ERROR] Ошибка ИИ: Failed to create conversation
2026-05-24 14:18:33,327 [WARNING] Сбой при обработке чанка: Ошибка парсинга ответа ИИ: Failed to create conversation
2026-05-24 14:19:01,126 [INFO] Инициализация ядра LiteRT-LM из пути: C:\Users\jikopl\Downloads\flashcard_project\models\gemma-4-E2B-it.litertlm
2026-05-24 14:19:01,422 [INFO] Веса модели успешно загружены в память CPU! Система готова к инференсу.
2026-05-24 14:19:07,667 [INFO] Запуск инференса модели...
2026-05-24 14:20:06,770 [INFO] Запуск инференса модели...
2026-05-24 14:21:33,568 [INFO] Запуск инференса модели...
2026-05-24 14:22:34,813 [INFO] Запуск инференса модели...
2026-05-24 14:23:38,832 [INFO] Инициализация ядра LiteRT-LM из пути: C:\Users\jikopl\Downloads\flashcard_project\models\gemma-4-E2B-it.litertlm
2026-05-24 14:23:39,136 [INFO] Веса модели успешно загружены в память CPU! Система готова к инференсу.
2026-05-24 14:23:39,757 [INFO] Движок LiteRT-LM успешно выгружен из памяти. Завершение работы.
2026-05-24 14:23:49,362 [INFO] Инициализация ядра LiteRT-LM из пути: C:\Users\jikopl\Downloads\flashcard_project\models\gemma-4-E2B-it.litertlm
2026-05-24 14:23:53,904 [INFO] Веса модели успешно загружены в память GPU! Система готова к инференсу.
2026-05-24 14:24:08,155 [INFO] Запуск инференса модели...
2026-05-24 14:24:56,378 [INFO] Запуск инференса модели...
2026-05-24 14:25:47,488 [INFO] Запуск инференса модели...
